<?xml version="1.0" encoding="UTF-8"?>
<testng-results ignored="0" total="0" passed="0" failed="0" skipped="0">
  <reporter-output>
  </reporter-output>
  <suite started-at="2021-10-25T21:11:36 EDT" name="com.myown.mySeleniumProject.AutomateAPI.AppTest" finished-at="2021-10-25T21:11:36 EDT" duration-ms="12">
    <groups>
    </groups>
    <test started-at="2021-10-25T21:11:36 EDT" name="Command line test" finished-at="2021-10-25T21:11:36 EDT" duration-ms="12">
    </test> <!-- Command line test -->
  </suite> <!-- com.myown.mySeleniumProject.AutomateAPI.AppTest -->
</testng-results>
