<?xml version="1.0" encoding="UTF-8"?>
<testng-results ignored="0" total="1" passed="1" failed="0" skipped="0">
  <reporter-output>
  </reporter-output>
  <suite started-at="2021-10-26T21:07:35Z" name="Default suite" finished-at="2021-10-26T21:07:37Z" duration-ms="2132">
    <groups>
    </groups>
    <test started-at="2021-10-26T21:07:35Z" name="Default test" finished-at="2021-10-26T21:07:37Z" duration-ms="2132">
      <class name="com.myown.mySeleniumProject.AutomateAPI.AutomateAPI">
        <test-method signature="APIresponse()[pri:0, instance:com.myown.mySeleniumProject.AutomateAPI.AutomateAPI@3972a855]" started-at="2021-10-26T21:07:35Z" name="APIresponse" finished-at="2021-10-26T21:07:37Z" duration-ms="2087" status="PASS">
          <reporter-output>
          </reporter-output>
        </test-method> <!-- APIresponse -->
      </class> <!-- com.myown.mySeleniumProject.AutomateAPI.AutomateAPI -->
    </test> <!-- Default test -->
  </suite> <!-- Default suite -->
</testng-results>
